ARM GAS  /tmp/ccIZBleX.s 			page 1


   1              		.cpu cortex-m4
   2              		.arch armv7e-m
   3              		.fpu softvfp
   4              		.eabi_attribute 20, 1
   5              		.eabi_attribute 21, 1
   6              		.eabi_attribute 23, 3
   7              		.eabi_attribute 24, 1
   8              		.eabi_attribute 25, 1
   9              		.eabi_attribute 26, 1
  10              		.eabi_attribute 30, 1
  11              		.eabi_attribute 34, 1
  12              		.eabi_attribute 18, 4
  13              		.file	"led.c"
  14              		.text
  15              		.section	.text.led_init,"ax",%progbits
  16              		.align	1
  17              		.global	led_init
  18              		.syntax unified
  19              		.thumb
  20              		.thumb_func
  22              	led_init:
  23              		@ args = 0, pretend = 0, frame = 0
  24              		@ frame_needed = 0, uses_anonymous_args = 0
  25 0000 10B5     		push	{r4, lr}
  26 0002 40F60340 		movw	r0, #3075
  27 0006 FFF7FEFF 		bl	rcu_periph_clock_enable
  28 000a 194C     		ldr	r4, .L3
  29 000c 8023     		movs	r3, #128
  30 000e 0022     		movs	r2, #0
  31 0010 0121     		movs	r1, #1
  32 0012 2046     		mov	r0, r4
  33 0014 FFF7FEFF 		bl	gpio_mode_set
  34 0018 8023     		movs	r3, #128
  35 001a 0222     		movs	r2, #2
  36 001c 0021     		movs	r1, #0
  37 001e 2046     		mov	r0, r4
  38 0020 FFF7FEFF 		bl	gpio_output_options_set
  39 0024 40F60440 		movw	r0, #3076
  40 0028 FFF7FEFF 		bl	rcu_periph_clock_enable
  41 002c 04F58064 		add	r4, r4, #1024
  42 0030 0823     		movs	r3, #8
  43 0032 0022     		movs	r2, #0
  44 0034 0121     		movs	r1, #1
  45 0036 2046     		mov	r0, r4
  46 0038 FFF7FEFF 		bl	gpio_mode_set
  47 003c 0823     		movs	r3, #8
  48 003e 0222     		movs	r2, #2
  49 0040 0021     		movs	r1, #0
  50 0042 2046     		mov	r0, r4
  51 0044 FFF7FEFF 		bl	gpio_output_options_set
  52 0048 40F60640 		movw	r0, #3078
  53 004c FFF7FEFF 		bl	rcu_periph_clock_enable
  54 0050 04F50064 		add	r4, r4, #2048
  55 0054 0823     		movs	r3, #8
  56 0056 0022     		movs	r2, #0
  57 0058 0121     		movs	r1, #1
  58 005a 2046     		mov	r0, r4
ARM GAS  /tmp/ccIZBleX.s 			page 2


  59 005c FFF7FEFF 		bl	gpio_mode_set
  60 0060 0823     		movs	r3, #8
  61 0062 0222     		movs	r2, #2
  62 0064 0021     		movs	r1, #0
  63 0066 2046     		mov	r0, r4
  64 0068 FFF7FEFF 		bl	gpio_output_options_set
  65 006c 10BD     		pop	{r4, pc}
  66              	.L4:
  67 006e 00BF     		.align	2
  68              	.L3:
  69 0070 000C0240 		.word	1073875968
  71              		.ident	"GCC: (xPack GNU Arm Embedded GCC x86_64) 12.2.1 20221205"
ARM GAS  /tmp/ccIZBleX.s 			page 3


DEFINED SYMBOLS
                            *ABS*:0000000000000000 led.c
     /tmp/ccIZBleX.s:16     .text.led_init:0000000000000000 $t
     /tmp/ccIZBleX.s:22     .text.led_init:0000000000000000 led_init
     /tmp/ccIZBleX.s:69     .text.led_init:0000000000000070 $d

UNDEFINED SYMBOLS
rcu_periph_clock_enable
gpio_mode_set
gpio_output_options_set
