ARM GAS  /tmp/ccn5YGfx.s 			page 1


   1              		.cpu cortex-m4
   2              		.arch armv7e-m
   3              		.fpu softvfp
   4              		.eabi_attribute 20, 1
   5              		.eabi_attribute 21, 1
   6              		.eabi_attribute 23, 3
   7              		.eabi_attribute 24, 1
   8              		.eabi_attribute 25, 1
   9              		.eabi_attribute 26, 1
  10              		.eabi_attribute 30, 1
  11              		.eabi_attribute 34, 1
  12              		.eabi_attribute 18, 4
  13              		.file	"main.c"
  14              		.text
  15              		.section	.rodata.main.str1.4,"aMS",%progbits,1
  16              		.align	2
  17              	.LC0:
  18 0000 73746172 		.ascii	"start!\015\000"
  18      74210D00 
  19              		.align	2
  20              	.LC1:
  21 0008 68747470 		.ascii	"https://lckfb.com\000"
  21      733A2F2F 
  21      6C636B66 
  21      622E636F 
  21      6D00
  22              		.section	.text.main,"ax",%progbits
  23              		.align	1
  24              		.global	main
  25              		.syntax unified
  26              		.thumb
  27              		.thumb_func
  29              	main:
  30              		@ args = 0, pretend = 0, frame = 0
  31              		@ frame_needed = 0, uses_anonymous_args = 0
  32 0000 70B5     		push	{r4, r5, r6, lr}
  33 0002 84B0     		sub	sp, sp, #16
  34 0004 FFF7FEFF 		bl	systick_config
  35 0008 FFF7FEFF 		bl	usart0_init
  36 000c FFF7FEFF 		bl	led_init
  37 0010 FFF7FEFF 		bl	key_init
  38 0014 1948     		ldr	r0, .L6
  39 0016 FFF7FEFF 		bl	puts
  40 001a FFF7FEFF 		bl	LCD_Init
  41 001e 2BE0     		b	.L4
  42              	.L3:
  43 0020 174B     		ldr	r3, .L6+4
  44 0022 33F81420 		ldrh	r2, [r3, r4, lsl #1]
  45 0026 174B     		ldr	r3, .L6+8
  46 0028 1A80     		strh	r2, [r3]	@ movhi
  47 002a 174B     		ldr	r3, .L6+12
  48 002c 33F81400 		ldrh	r0, [r3, r4, lsl #1]
  49 0030 164B     		ldr	r3, .L6+16
  50 0032 1880     		strh	r0, [r3]	@ movhi
  51 0034 FFF7FEFF 		bl	LCD_Clear
  52 0038 154B     		ldr	r3, .L6+20
  53 003a 0293     		str	r3, [sp, #8]
ARM GAS  /tmp/ccn5YGfx.s 			page 2


  54 003c 0126     		movs	r6, #1
  55 003e 0196     		str	r6, [sp, #4]
  56 0040 1825     		movs	r5, #24
  57 0042 0095     		str	r5, [sp]
  58 0044 5023     		movs	r3, #80
  59 0046 4FF4F072 		mov	r2, #480
  60 004a 3221     		movs	r1, #50
  61 004c 1E20     		movs	r0, #30
  62 004e FFF7FEFF 		bl	LCD_ShowString
  63 0052 104B     		ldr	r3, .L6+24
  64 0054 0293     		str	r3, [sp, #8]
  65 0056 0196     		str	r6, [sp, #4]
  66 0058 0095     		str	r5, [sp]
  67 005a 6E23     		movs	r3, #110
  68 005c 4FF4F072 		mov	r2, #480
  69 0060 5021     		movs	r1, #80
  70 0062 1E20     		movs	r0, #30
  71 0064 FFF7FEFF 		bl	LCD_ShowString
  72 0068 4FF44870 		mov	r0, #800
  73 006c FFF7FEFF 		bl	delay_1ms
  74 0070 3444     		add	r4, r4, r6
  75 0072 A4B2     		uxth	r4, r4
  76              	.L2:
  77 0074 042C     		cmp	r4, #4
  78 0076 D3D9     		bls	.L3
  79              	.L4:
  80 0078 0024     		movs	r4, #0
  81 007a FBE7     		b	.L2
  82              	.L7:
  83              		.align	2
  84              	.L6:
  85 007c 00000000 		.word	.LC0
  86 0080 00000000 		.word	POINT
  87 0084 00000000 		.word	POINT_COLOR
  88 0088 00000000 		.word	BACK
  89 008c 00000000 		.word	BACK_COLOR
  90 0090 08000000 		.word	.LC1
  91 0094 00000000 		.word	lcd_id
  93              		.global	BACK
  94              		.section	.data.BACK,"aw"
  95              		.align	2
  98              	BACK:
  99 0000 1F84     		.short	-31713
 100 0002 5BEF     		.short	-4261
 101 0004 18C6     		.short	-14824
 102 0006 51A6     		.short	-22959
 103 0008 122B     		.short	11026
 104              		.global	POINT
 105              		.section	.data.POINT,"aw"
 106              		.align	2
 109              	POINT:
 110 0000 FFFF     		.short	-1
 111 0002 1F00     		.short	31
 112 0004 00F8     		.short	-2048
 113 0006 E0FF     		.short	-32
 114 0008 E007     		.short	2016
 115              		.ident	"GCC: (xPack GNU Arm Embedded GCC x86_64) 12.2.1 20221205"
ARM GAS  /tmp/ccn5YGfx.s 			page 3


ARM GAS  /tmp/ccn5YGfx.s 			page 4


DEFINED SYMBOLS
                            *ABS*:0000000000000000 main.c
     /tmp/ccn5YGfx.s:16     .rodata.main.str1.4:0000000000000000 $d
     /tmp/ccn5YGfx.s:23     .text.main:0000000000000000 $t
     /tmp/ccn5YGfx.s:29     .text.main:0000000000000000 main
     /tmp/ccn5YGfx.s:85     .text.main:000000000000007c $d
     /tmp/ccn5YGfx.s:109    .data.POINT:0000000000000000 POINT
     /tmp/ccn5YGfx.s:98     .data.BACK:0000000000000000 BACK
     /tmp/ccn5YGfx.s:95     .data.BACK:0000000000000000 $d
     /tmp/ccn5YGfx.s:106    .data.POINT:0000000000000000 $d

UNDEFINED SYMBOLS
systick_config
usart0_init
led_init
key_init
puts
LCD_Init
LCD_Clear
LCD_ShowString
delay_1ms
POINT_COLOR
BACK_COLOR
lcd_id
