ARM GAS  /tmp/ccJiisz6.s 			page 1


   1              		.cpu cortex-m4
   2              		.arch armv7e-m
   3              		.fpu softvfp
   4              		.eabi_attribute 20, 1
   5              		.eabi_attribute 21, 1
   6              		.eabi_attribute 23, 3
   7              		.eabi_attribute 24, 1
   8              		.eabi_attribute 25, 1
   9              		.eabi_attribute 26, 1
  10              		.eabi_attribute 30, 1
  11              		.eabi_attribute 34, 1
  12              		.eabi_attribute 18, 4
  13              		.file	"systick.c"
  14              		.text
  15              		.section	.text.systick_config,"ax",%progbits
  16              		.align	1
  17              		.global	systick_config
  18              		.syntax unified
  19              		.thumb
  20              		.thumb_func
  22              	systick_config:
  23              		@ args = 0, pretend = 0, frame = 0
  24              		@ frame_needed = 0, uses_anonymous_args = 0
  25              		@ link register save eliminated.
  26 0000 0C4B     		ldr	r3, .L4
  27 0002 1B68     		ldr	r3, [r3]
  28 0004 0C4A     		ldr	r2, .L4+4
  29 0006 A2FB0323 		umull	r2, r3, r2, r3
  30 000a 9B09     		lsrs	r3, r3, #6
  31 000c 013B     		subs	r3, r3, #1
  32 000e B3F1807F 		cmp	r3, #16777216
  33 0012 0DD2     		bcs	.L2
  34 0014 4FF0E022 		mov	r2, #-536813568
  35 0018 5361     		str	r3, [r2, #20]
  36 001a 084B     		ldr	r3, .L4+8
  37 001c F021     		movs	r1, #240
  38 001e 83F82310 		strb	r1, [r3, #35]
  39 0022 0021     		movs	r1, #0
  40 0024 9161     		str	r1, [r2, #24]
  41 0026 0720     		movs	r0, #7
  42 0028 1061     		str	r0, [r2, #16]
  43 002a 83F82310 		strb	r1, [r3, #35]
  44 002e 7047     		bx	lr
  45              	.L2:
  46 0030 FEE7     		b	.L2
  47              	.L5:
  48 0032 00BF     		.align	2
  49              	.L4:
  50 0034 00000000 		.word	SystemCoreClock
  51 0038 D34D6210 		.word	274877907
  52 003c 00ED00E0 		.word	-536810240
  54              		.section	.text.delay_1ms,"ax",%progbits
  55              		.align	1
  56              		.global	delay_1ms
  57              		.syntax unified
  58              		.thumb
  59              		.thumb_func
ARM GAS  /tmp/ccJiisz6.s 			page 2


  61              	delay_1ms:
  62              		@ args = 0, pretend = 0, frame = 0
  63              		@ frame_needed = 0, uses_anonymous_args = 0
  64              		@ link register save eliminated.
  65 0000 034B     		ldr	r3, .L8
  66 0002 1860     		str	r0, [r3]
  67              	.L7:
  68 0004 024B     		ldr	r3, .L8
  69 0006 1B68     		ldr	r3, [r3]
  70 0008 002B     		cmp	r3, #0
  71 000a FBD1     		bne	.L7
  72 000c 7047     		bx	lr
  73              	.L9:
  74 000e 00BF     		.align	2
  75              	.L8:
  76 0010 00000000 		.word	delay
  78              		.section	.text.delay_decrement,"ax",%progbits
  79              		.align	1
  80              		.global	delay_decrement
  81              		.syntax unified
  82              		.thumb
  83              		.thumb_func
  85              	delay_decrement:
  86              		@ args = 0, pretend = 0, frame = 0
  87              		@ frame_needed = 0, uses_anonymous_args = 0
  88              		@ link register save eliminated.
  89 0000 034B     		ldr	r3, .L12
  90 0002 1B68     		ldr	r3, [r3]
  91 0004 1BB1     		cbz	r3, .L10
  92 0006 024A     		ldr	r2, .L12
  93 0008 1368     		ldr	r3, [r2]
  94 000a 013B     		subs	r3, r3, #1
  95 000c 1360     		str	r3, [r2]
  96              	.L10:
  97 000e 7047     		bx	lr
  98              	.L13:
  99              		.align	2
 100              	.L12:
 101 0010 00000000 		.word	delay
 103              		.section	.bss.delay,"aw",%nobits
 104              		.align	2
 107              	delay:
 108 0000 00000000 		.space	4
 109              		.ident	"GCC: (xPack GNU Arm Embedded GCC x86_64) 12.2.1 20221205"
ARM GAS  /tmp/ccJiisz6.s 			page 3


DEFINED SYMBOLS
                            *ABS*:0000000000000000 systick.c
     /tmp/ccJiisz6.s:16     .text.systick_config:0000000000000000 $t
     /tmp/ccJiisz6.s:22     .text.systick_config:0000000000000000 systick_config
     /tmp/ccJiisz6.s:50     .text.systick_config:0000000000000034 $d
     /tmp/ccJiisz6.s:55     .text.delay_1ms:0000000000000000 $t
     /tmp/ccJiisz6.s:61     .text.delay_1ms:0000000000000000 delay_1ms
     /tmp/ccJiisz6.s:76     .text.delay_1ms:0000000000000010 $d
     /tmp/ccJiisz6.s:107    .bss.delay:0000000000000000 delay
     /tmp/ccJiisz6.s:79     .text.delay_decrement:0000000000000000 $t
     /tmp/ccJiisz6.s:85     .text.delay_decrement:0000000000000000 delay_decrement
     /tmp/ccJiisz6.s:101    .text.delay_decrement:0000000000000010 $d
     /tmp/ccJiisz6.s:104    .bss.delay:0000000000000000 $d

UNDEFINED SYMBOLS
SystemCoreClock
